HackAThing2/Temp/gradleOut/unityLibrary/build/intermediates/manifest_merge_blame_file/release/manifest-merger-blame-release-report.txt
1<?xml version="1.0" encoding="utf-8"?>
2<!-- GENERATED BY UNITY. REMOVE THIS COMMENT TO PREVENT OVERWRITING WHEN EXPORTING AGAIN -->
3<manifest xmlns:android="http://schemas.android.com/apk/res/android"
4    xmlns:tools="http://schemas.android.com/tools"
5    package="com.unity3d.player"
6    android:installLocation="auto"
7    android:versionCode="1"
8    android:versionName="0.1" >
9
10    <uses-sdk
11        android:minSdkVersion="25"
11-->src/main/AndroidManifest.xml
12        android:targetSdkVersion="29" />
12-->src/main/AndroidManifest.xml
13
14    <uses-feature android:glEsVersion="0x00030000" />
14-->src/main/AndroidManifest.xml:24:3-52
14-->src/main/AndroidManifest.xml:24:17-49
15
16    <uses-permission android:name="android.permission.INTERNET" />
16-->src/main/AndroidManifest.xml:25:3-65
16-->src/main/AndroidManifest.xml:25:20-62
17    <uses-permission android:name="android.permission.ACCESS_FINE_LOCATION" />
17-->src/main/AndroidManifest.xml:26:3-77
17-->src/main/AndroidManifest.xml:26:20-74
18
19    <uses-feature
19-->src/main/AndroidManifest.xml:27:3-89
20        android:name="android.hardware.location.gps"
20-->src/main/AndroidManifest.xml:27:17-61
21        android:required="false" />
21-->src/main/AndroidManifest.xml:27:62-86
22    <uses-feature
22-->src/main/AndroidManifest.xml:28:3-85
23        android:name="android.hardware.location"
23-->src/main/AndroidManifest.xml:28:17-57
24        android:required="false" />
24-->src/main/AndroidManifest.xml:28:58-82
25
26    <uses-permission android:name="android.permission.RECORD_AUDIO" />
26-->src/main/AndroidManifest.xml:29:3-69
26-->src/main/AndroidManifest.xml:29:20-66
27    <uses-permission android:name="android.permission.MODIFY_AUDIO_SETTINGS" />
27-->src/main/AndroidManifest.xml:30:3-78
27-->src/main/AndroidManifest.xml:30:20-75
28
29    <uses-feature
29-->src/main/AndroidManifest.xml:31:3-87
30        android:name="android.hardware.microphone"
30-->src/main/AndroidManifest.xml:31:17-59
31        android:required="false" />
31-->src/main/AndroidManifest.xml:31:60-84
32    <uses-feature
32-->src/main/AndroidManifest.xml:32:3-88
33        android:name="android.hardware.touchscreen"
33-->src/main/AndroidManifest.xml:32:17-60
34        android:required="false" />
34-->src/main/AndroidManifest.xml:32:61-85
35    <uses-feature
35-->src/main/AndroidManifest.xml:33:3-99
36        android:name="android.hardware.touchscreen.multitouch"
36-->src/main/AndroidManifest.xml:33:17-71
37        android:required="false" />
37-->src/main/AndroidManifest.xml:33:72-96
38    <uses-feature
38-->src/main/AndroidManifest.xml:34:3-108
39        android:name="android.hardware.touchscreen.multitouch.distinct"
39-->src/main/AndroidManifest.xml:34:17-80
40        android:required="false" />
40-->src/main/AndroidManifest.xml:34:81-105
41    <uses-feature
41-->src/main/AndroidManifest.xml:35:3-111
42        android:name="android.hardware.vr.headtracking"
42-->src/main/AndroidManifest.xml:35:17-64
43        android:required="true"
43-->src/main/AndroidManifest.xml:35:85-108
44        android:version="1" />
44-->src/main/AndroidManifest.xml:35:65-84
45
46    <application
46-->src/main/AndroidManifest.xml:4:3-23:17
47        android:allowBackup="false"
47-->src/main/AndroidManifest.xml:4:81-108
48        android:icon="@mipmap/app_icon"
48-->src/main/AndroidManifest.xml:4:49-80
49        android:label="@string/app_name"
49-->src/main/AndroidManifest.xml:4:16-48
50        android:networkSecurityConfig="@xml/network_sec_config" >
50-->src/main/AndroidManifest.xml:4:109-164
51        <activity
51-->src/main/AndroidManifest.xml:5:5-14:16
52            android:name="com.unity3d.player.UnityPlayerActivity"
52-->src/main/AndroidManifest.xml:5:15-68
53            android:configChanges="keyboard|keyboardHidden|navigation|orientation|screenLayout|screenSize|uiMode|density"
53-->src/main/AndroidManifest.xml:5:204-313
54            android:hardwareAccelerated="false"
54-->src/main/AndroidManifest.xml:5:349-384
55            android:launchMode="singleTask"
55-->src/main/AndroidManifest.xml:5:172-203
56            android:resizeableActivity="false"
56-->src/main/AndroidManifest.xml:5:314-348
57            android:screenOrientation="landscape"
57-->src/main/AndroidManifest.xml:5:134-171
58            android:theme="@android:style/Theme.Black.NoTitleBar.Fullscreen" >
58-->src/main/AndroidManifest.xml:5:69-133
59            <intent-filter>
59-->src/main/AndroidManifest.xml:6:7-10:23
60                <action android:name="android.intent.action.MAIN" />
60-->src/main/AndroidManifest.xml:7:9-61
60-->src/main/AndroidManifest.xml:7:17-58
61
62                <category android:name="android.intent.category.LAUNCHER" />
62-->src/main/AndroidManifest.xml:8:9-69
62-->src/main/AndroidManifest.xml:8:19-66
63                <category android:name="com.oculus.intent.category.VR" />
63-->src/main/AndroidManifest.xml:9:9-66
63-->src/main/AndroidManifest.xml:9:19-63
64            </intent-filter>
65
66            <meta-data
66-->src/main/AndroidManifest.xml:11:7-82
67                android:name="unityplayer.UnityActivity"
67-->src/main/AndroidManifest.xml:11:18-58
68                android:value="true" />
68-->src/main/AndroidManifest.xml:11:59-79
69            <meta-data
69-->src/main/AndroidManifest.xml:12:7-78
70                android:name="android.notch_support"
70-->src/main/AndroidManifest.xml:12:18-54
71                android:value="true" />
71-->src/main/AndroidManifest.xml:12:55-75
72            <meta-data
72-->src/main/AndroidManifest.xml:13:7-81
73                android:name="com.oculus.vr.focusaware"
73-->src/main/AndroidManifest.xml:13:18-57
74                android:value="true" />
74-->src/main/AndroidManifest.xml:13:58-78
75        </activity>
76
77        <meta-data
77-->src/main/AndroidManifest.xml:15:5-69
78            android:name="unity.splash-mode"
78-->src/main/AndroidManifest.xml:15:16-48
79            android:value="0" />
79-->src/main/AndroidManifest.xml:15:49-66
80        <meta-data
80-->src/main/AndroidManifest.xml:16:5-74
81            android:name="unity.splash-enable"
81-->src/main/AndroidManifest.xml:16:16-50
82            android:value="True" />
82-->src/main/AndroidManifest.xml:16:51-71
83        <meta-data
83-->src/main/AndroidManifest.xml:17:5-84
84            android:name="unity.allow-resizable-window"
84-->src/main/AndroidManifest.xml:17:16-59
85            android:value="False" />
85-->src/main/AndroidManifest.xml:17:60-81
86        <meta-data
86-->src/main/AndroidManifest.xml:18:5-81
87            android:name="notch.config"
87-->src/main/AndroidManifest.xml:18:16-43
88            android:value="portrait|landscape" />
88-->src/main/AndroidManifest.xml:18:44-78
89        <meta-data
89-->src/main/AndroidManifest.xml:19:5-101
90            android:name="unity.build-id"
90-->src/main/AndroidManifest.xml:19:16-45
91            android:value="35d346b3-6d53-49c9-8851-78200083054e" />
91-->src/main/AndroidManifest.xml:19:46-98
92        <meta-data
92-->src/main/AndroidManifest.xml:20:5-97
93            android:name="com.samsung.android.vr.application.mode"
93-->src/main/AndroidManifest.xml:20:16-70
94            android:value="vr_only" />
94-->src/main/AndroidManifest.xml:20:71-94
95        <meta-data
95-->src/main/AndroidManifest.xml:21:5-91
96            android:name="com.unity.xr.oculus.LowOverheadMode"
96-->src/main/AndroidManifest.xml:21:16-66
97            android:value="false" />
97-->src/main/AndroidManifest.xml:21:67-88
98        <meta-data
98-->src/main/AndroidManifest.xml:22:5-90
99            android:name="com.oculus.supportedDevices"
99-->src/main/AndroidManifest.xml:22:16-58
100            android:value="quest|quest2" />
100-->src/main/AndroidManifest.xml:22:59-87
101    </application>
102
103</manifest>